Command line:
   tb_addsub_isim_beh.exe
     -simmode  gui
     -simrunnum  0
     -socket  58353

Sun Jan  3 17:27:43 2021


 Elaboration Time: 0.01 sec

 Current Memory Usage: 184.222 Meg

 Total Signals          : 77
 Total Nets             : 61
 Total Signal Drivers   : 41
 Total Blocks           : 9
 Total Primitive Blocks : 6
 Total Processes        : 47
 Total Traceable Variables  : 23
 Total Scalar Nets and Variables : 158
Total Line Count : 46

 Total Simulation Time: 0.01 sec

 Current Memory Usage: 259.723 Meg

Sun Jan  3 20:11:32 2021

