Command line:
   tb_fulladd_isim_beh.exe
     -simmode  gui
     -simrunnum  0
     -socket  45861

Sun Jan  3 13:40:18 2021


 Elaboration Time: 0.02 sec

 Current Memory Usage: 184.222 Meg

 Total Signals          : 20
 Total Nets             : 18
 Total Signal Drivers   : 10
 Total Blocks           : 3
 Total Primitive Blocks : 2
 Total Processes        : 12
 Total Traceable Variables  : 21
 Total Scalar Nets and Variables : 101
Total Line Count : 26

 Total Simulation Time: 0.03 sec

 Current Memory Usage: 259.723 Meg

Sun Jan  3 13:40:33 2021

